# vsim -novopt -c -l sim.log -do "run -all;exit" work.tb_clk_div3 
# Start time: 16:00:14 on Sep 10,2021
# ** Warning: (vsim-8891) All optimizations are turned off because the -novopt switch is in effect. This will cause your simulation to run very slowly. If you are using this switch to preserve visibility for Debug or PLI features please see the User's Manual section on Preserving Object Visibility with vopt.
# //  Questa Sim-64
# //  Version 10.6c win64 Jul 26 2017
# //
# //  Copyright 1991-2017 Mentor Graphics Corporation
# //  All Rights Reserved.
# //
# //  QuestaSim and its associated documentation contain trade
# //  secrets and commercial or financial information that are the property of
# //  Mentor Graphics Corporation and are privileged, confidential,
# //  and exempt from disclosure under the Freedom of Information Act,
# //  5 U.S.C. Section 552. Furthermore, this information
# //  is prohibited from disclosure under the Trade Secrets Act,
# //  18 U.S.C. Section 1905.
# //
# Refreshing D:/mygithup/verilogmod/lianxit/work.tb_clk_div3
# Loading sv_std.std
# Loading work.tb_clk_div3
# Refreshing D:/mygithup/verilogmod/lianxit/work.clk_div3s
# Loading work.clk_div3s
# run -all
# ** Note: $stop    : tb_clk_div3.sv(32)
#    Time: 600 ps  Iteration: 0  Instance: /tb_clk_div3
# Break in Module tb_clk_div3 at tb_clk_div3.sv line 32
# Stopped at tb_clk_div3.sv line 32
# exit
# End time: 16:00:15 on Sep 10,2021, Elapsed time: 0:00:01
# Errors: 0, Warnings: 1
